Release 14.4 Map P.49d (nt64)
Xilinx Mapping Report File for Design 'hdmi_out'

Design Information
------------------
Command Line   : map -intstyle ise -p xc6slx45-csg324-2 -w -logic_opt off -ol
high -t 1 -xt 0 -register_duplication off -r 4 -global_opt off -mt off -ir off
-pr off -lc off -power off -o hdmi_out_map.ncd hdmi_out.ngd hdmi_out.pcf 
Target Device  : xc6slx45
Target Package : csg324
Target Speed   : -2
Mapper Version : spartan6 -- $Revision: 1.55 $
Mapped Date    : Mon May 13 17:32:05 2013

Design Summary
--------------
Number of errors   :   1
Number of warnings :   0

Section 1 - Errors
------------------
ERROR:LIT:560 - BUFPLL symbol
   "USER_LOGIC_I/hdmi_out_inst/Inst_dvi_out_native/ioclk_buf" (output
   signal=USER_LOGIC_I/hdmi_out_inst/Inst_dvi_out_native/pclkx10) must have
   PLLIN and LOCKED pins driven by the same PLL given that ENABLE_SYNC attribute
   is set to TRUE. 

Section 2 - Warnings
--------------------

Section 3 - Informational
-------------------------
INFO:LIT:243 - Logical network PLB_ABus<0> has no load.
INFO:LIT:395 - The above info message is repeated 224 more times for the
   following (max. 5 shown):
   PLB_ABus<1>,
   PLB_ABus<2>,
   PLB_ABus<3>,
   PLB_ABus<4>,
   PLB_ABus<5>
   To see the details of these info messages, please use the -detail switch.
INFO:MapLib:562 - No environment variables are currently set.
INFO:LIT:244 - All of the single ended outputs in this design are using slew
   rate limited output drivers. The delay on speed critical single ended outputs
   can be dramatically reduced by designating them as fast outputs.

Section 4 - Removed Logic Summary
---------------------------------
   2 block(s) optimized away

Section 5 - Removed Logic
-------------------------

Optimized Block(s):
TYPE 		BLOCK
GND 		XST_GND
VCC 		XST_VCC

To enable printing of redundant blocks removed and signals merged, set the
detailed map report option and rerun map.
