
----------------------------------------------------------------------------
--                            Design Analysis                             --
----------------------------------------------------------------------------
Analyze pcore hdmi_out ...


----------------------------------------------------------------------------
--                            Design Analysis                             --
----------------------------------------------------------------------------
Analyze pcore hdmi_out ...


----------------------------------------------------------------------------
--                            File Generation                             --
----------------------------------------------------------------------------
Creating HDL source directory ...
Generating top peripheral VHDL template ...
Generating stub user logic VHDL template ...
HDL templates successfully generated ...
Creating data directory ...
Generating XPS inteface files ...
Compiling vhdl file
"C:/Xilinx/14.4/ISE_DS/EDK/hw/XilinxProcessorIPLib/pcores/proc_common_v3_00_a/hd
l/vhdl/proc_common_pkg.vhd" in Library proc_common_v3_00_a.
Package <proc_common_pkg> compiled.
Package body <proc_common_pkg> compiled.
Compiling vhdl file
"C:/Xilinx/14.4/ISE_DS/EDK/hw/XilinxProcessorIPLib/pcores/proc_common_v3_00_a/hd
l/vhdl/or_muxcy.vhd" in Library proc_common_v3_00_a.
Entity <or_muxcy> compiled.
Entity <or_muxcy> (Architecture <implementation>) compiled.
Compiling vhdl file
"C:/Xilinx/14.4/ISE_DS/EDK/hw/XilinxProcessorIPLib/pcores/proc_common_v3_00_a/hd
l/vhdl/family_support.vhd" in Library proc_common_v3_00_a.
Package <family_support> compiled.
Package body <family_support> compiled.
Compiling vhdl file
"C:/Xilinx/14.4/ISE_DS/EDK/hw/XilinxProcessorIPLib/pcores/proc_common_v3_00_a/hd
l/vhdl/counter_f.vhd" in Library proc_common_v3_00_a.
Entity <counter_f> compiled.
Entity <counter_f> (Architecture <imp>) compiled.
Compiling vhdl file
"C:/Xilinx/14.4/ISE_DS/EDK/hw/XilinxProcessorIPLib/pcores/proc_common_v3_00_a/hd
l/vhdl/pselect_f.vhd" in Library proc_common_v3_00_a.
Entity <pselect_f> compiled.
Entity <pselect_f> (Architecture <imp>) compiled.
Compiling vhdl file
"C:/Xilinx/14.4/ISE_DS/EDK/hw/XilinxProcessorIPLib/pcores/proc_common_v3_00_a/hd
l/vhdl/or_gate128.vhd" in Library proc_common_v3_00_a.
Entity <or_gate128> compiled.
Entity <or_gate128> (Architecture <imp>) compiled.
Compiling vhdl file
"C:/Xilinx/14.4/ISE_DS/EDK/hw/XilinxProcessorIPLib/pcores/proc_common_v3_00_a/hd
l/vhdl/ipif_pkg.vhd" in Library proc_common_v3_00_a.
Package <ipif_pkg> compiled.
Package body <ipif_pkg> compiled.
Compiling vhdl file
"C:/Xilinx/14.4/ISE_DS/EDK/hw/XilinxProcessorIPLib/pcores/plbv46_slave_single_v1
_01_a/hdl/vhdl/plb_address_decoder.vhd" in Library plbv46_slave_single_v1_01_a.
Entity <plb_address_decoder> compiled.
Entity <plb_address_decoder> (Architecture <IMP>) compiled.
Compiling vhdl file
"C:/Xilinx/14.4/ISE_DS/EDK/hw/XilinxProcessorIPLib/pcores/plbv46_slave_single_v1
_01_a/hdl/vhdl/plb_slave_attachment.vhd" in Library plbv46_slave_single_v1_01_a.
Entity <plb_slave_attachment> compiled.
Entity <plb_slave_attachment> (Architecture <implementation>) compiled.
Compiling vhdl file
"C:/Xilinx/14.4/ISE_DS/EDK/hw/XilinxProcessorIPLib/pcores/plbv46_slave_single_v1
_01_a/hdl/vhdl/plbv46_slave_single.vhd" in Library plbv46_slave_single_v1_01_a.
Entity <plbv46_slave_single> compiled.
Entity <plbv46_slave_single> (Architecture <implementation>) compiled.
Compiling vhdl file
"D:/Users/Julio/Downloads/Atlys_HDMI_PLB_demo/project/pcores/hdmi_out_v1_01_a/da
ta/../hdl/vhdl/user_logic.vhd" in Library hdmi_out_v1_01_a.
Entity <user_logic> compiled.
Entity <user_logic> (Architecture <IMP>) compiled.
Compiling vhdl file
"D:/Users/Julio/Downloads/Atlys_HDMI_PLB_demo/project/pcores/hdmi_out_v1_01_a/da
ta/../hdl/vhdl/hdmi_out.vhd" in Library hdmi_out_v1_01_a.
Entity <hdmi_out> compiled.
Entity <hdmi_out> (Architecture <IMP>) compiled.


Analyzing HDL attributes ...
Entity name = hdmi_out
INFO:EDK:1607 - IPTYPE set to value : PERIPHERAL
INFO:EDK:1511 - IMP_NETLIST set to value : TRUE
INFO:EDK:1486 - HDL set to value : VHDL
WARNING:EDK:3588 - Unable to delete temporary XST project file
   D:\Users\Julio\Downloads\Atlys_HDMI_PLB_demo\project\pcores\hdmi_out_v1_01_a\
   data\_hdmi_out_xst.prj : 13
XPS interface files successfully generated ...
Creating development directory ...
Generating command option file ...
Generating readme file ...
Development misc files successfully generated ...
Creating projnav directory ...
Generating ProjNav support files ...
ProjNav support files successfully generated ...
Creating synthesis directory ...
Generating XST synthesis support files ...
XST synthesis support files successfully generated ...
No BFM simulation files will be generated at this time ...
Creating software driver data directory ...
Generating software driver XPS interface (mdd/tcl) files ...
Software driver data definition file (.mdd) successfully generated ...
Software driver data generation file (.tcl) successfully generated ...
Creating software driver src directory ...
Generating software driver template files ...
Software driver compile file (Makefile) successfully generated ...
output user slave register(s) offset to software driver header ...
Software driver header file (.h) successfully generated ...
Software driver source file (.c) successfully generated ...
Software driver SelfTest file (.c) successfully generated ...
Software driver template files successfully generated ...

----------------------------------------------------------------------------
--                              Final Report                              --
----------------------------------------------------------------------------
Thank you for using Create and Import Peripheral Wizard! Please find your
peripheral hardware templates under
D:\Users\Julio\Downloads\Atlys_HDMI_PLB_demo\project/pcores/hdmi_out_v1_01_a and
peripheral software templates under
D:\Users\Julio\Downloads\Atlys_HDMI_PLB_demo\project/drivers/hdmi_out_v1_01_a
respectively.

Peripheral Summary:

  top name       : hdmi_out
  version        : 1.01.a
  type           : PLB (v4.6) slave
  features       : slave attachment
                   user s/w registers

Address Block Summary:

  user logic slv : C_BASEADDR + 0x00000000
                 : C_BASEADDR + 0x000000FF

File Summary

  - HDL source -
D:\Users\Julio\Downloads\Atlys_HDMI_PLB_demo\project/pcores/hdmi_out_v1_01_a/hdl
  top entity     : vhdl/hdmi_out.vhd
  user logic     : vhdl/user_logic.vhd

  - XPS interface -
D:\Users\Julio\Downloads\Atlys_HDMI_PLB_demo\project/pcores/hdmi_out_v1_01_a/dat
a
  mpd            : hdmi_out_v2_1_0.mpd
  pao            : hdmi_out_v2_1_0.pao

  - ISE project -
D:\Users\Julio\Downloads\Atlys_HDMI_PLB_demo\project/pcores/hdmi_out_v1_01_a/dev
l/projnav
  ise project    : hdmi_out.xise
  tcl script     : hdmi_out.tcl


  - XST synthesis -
D:\Users\Julio\Downloads\Atlys_HDMI_PLB_demo\project/pcores/hdmi_out_v1_01_a/dev
l/synthesis
  xst script     : hdmi_out_xst.scr
  xst project    : hdmi_out_xst.prj

  - Misc file -
D:\Users\Julio\Downloads\Atlys_HDMI_PLB_demo\project/pcores/hdmi_out_v1_01_a/dev
l
  help           : README.txt
  option         : ipwiz.opt
  log            : ipwiz.log

  - Driver source -
D:\Users\Julio\Downloads\Atlys_HDMI_PLB_demo\project/drivers/hdmi_out_v1_01_a/sr
c
  makefile       : Makefile
  header         : hdmi_out.h
  source         : hdmi_out.c
  selftest       : hdmi_out_selftest.c

  - Driver interface -
D:\Users\Julio\Downloads\Atlys_HDMI_PLB_demo\project/drivers/hdmi_out_v1_01_a/da
ta
  mdd            : hdmi_out_v2_1_0.mdd
  tcl            : hdmi_out_v2_1_0.tcl


